0 info it worked if it ends with ok
1 verbose cli [ '/usr/bin/node', '/usr/bin/npm', 'install' ]
2 info using npm@3.10.10
3 info using node@v6.14.3
4 silly loadCurrentTree Starting
5 silly install loadCurrentTree
6 silly install readLocalPackageData
7 silly install normalizeTree
8 silly loadCurrentTree Finishing
9 silly loadIdealTree Starting
10 silly install loadIdealTree
11 silly cloneCurrentTree Starting
12 silly install cloneCurrentTreeToIdealTree
13 silly cloneCurrentTree Finishing
14 silly loadShrinkwrap Starting
15 silly install loadShrinkwrap
16 silly loadShrinkwrap Finishing
17 silly loadAllDepsIntoIdealTree Starting
18 silly install loadAllDepsIntoIdealTree
19 silly fetchNamedPackageData react
20 silly mapToRegistry name react
21 silly mapToRegistry using default registry
22 silly mapToRegistry registry http://registry.npmjs.org/
23 silly mapToRegistry data Result {
23 silly mapToRegistry   raw: 'react',
23 silly mapToRegistry   scope: null,
23 silly mapToRegistry   escapedName: 'react',
23 silly mapToRegistry   name: 'react',
23 silly mapToRegistry   rawSpec: '',
23 silly mapToRegistry   spec: 'latest',
23 silly mapToRegistry   type: 'tag' }
24 silly mapToRegistry uri http://registry.npmjs.org/react
25 silly fetchNamedPackageData react-dom
26 silly mapToRegistry name react-dom
27 silly mapToRegistry using default registry
28 silly mapToRegistry registry http://registry.npmjs.org/
29 silly mapToRegistry data Result {
29 silly mapToRegistry   raw: 'react-dom',
29 silly mapToRegistry   scope: null,
29 silly mapToRegistry   escapedName: 'react-dom',
29 silly mapToRegistry   name: 'react-dom',
29 silly mapToRegistry   rawSpec: '',
29 silly mapToRegistry   spec: 'latest',
29 silly mapToRegistry   type: 'tag' }
30 silly mapToRegistry uri http://registry.npmjs.org/react-dom
31 silly fetchNamedPackageData superagent
32 silly mapToRegistry name superagent
33 silly mapToRegistry using default registry
34 silly mapToRegistry registry http://registry.npmjs.org/
35 silly mapToRegistry data Result {
35 silly mapToRegistry   raw: 'superagent',
35 silly mapToRegistry   scope: null,
35 silly mapToRegistry   escapedName: 'superagent',
35 silly mapToRegistry   name: 'superagent',
35 silly mapToRegistry   rawSpec: '',
35 silly mapToRegistry   spec: 'latest',
35 silly mapToRegistry   type: 'tag' }
36 silly mapToRegistry uri http://registry.npmjs.org/superagent
37 verbose get http://registry.npmjs.org/react not expired, no request
38 silly resolveWithNewModule react@16.4.1 checking installable status
39 silly cache add args [ 'react@^16.4.1', null ]
40 verbose cache add spec react@^16.4.1
41 silly cache add parsed spec Result {
41 silly cache add   raw: 'react@^16.4.1',
41 silly cache add   scope: null,
41 silly cache add   escapedName: 'react',
41 silly cache add   name: 'react',
41 silly cache add   rawSpec: '^16.4.1',
41 silly cache add   spec: '>=16.4.1 <17.0.0',
41 silly cache add   type: 'range' }
42 silly addNamed react@>=16.4.1 <17.0.0
43 verbose addNamed ">=16.4.1 <17.0.0" is a valid semver range for react
44 silly addNameRange { name: 'react', range: '>=16.4.1 <17.0.0', hasData: false }
45 silly mapToRegistry name react
46 silly mapToRegistry using default registry
47 silly mapToRegistry registry http://registry.npmjs.org/
48 silly mapToRegistry data Result {
48 silly mapToRegistry   raw: 'react',
48 silly mapToRegistry   scope: null,
48 silly mapToRegistry   escapedName: 'react',
48 silly mapToRegistry   name: 'react',
48 silly mapToRegistry   rawSpec: '',
48 silly mapToRegistry   spec: 'latest',
48 silly mapToRegistry   type: 'tag' }
49 silly mapToRegistry uri http://registry.npmjs.org/react
50 verbose addNameRange registry:http://registry.npmjs.org/react not in flight; fetching
51 verbose get http://registry.npmjs.org/react-dom not expired, no request
52 silly resolveWithNewModule react-dom@16.4.1 checking installable status
53 silly cache add args [ 'react-dom@^16.4.1', null ]
54 verbose cache add spec react-dom@^16.4.1
55 silly cache add parsed spec Result {
55 silly cache add   raw: 'react-dom@^16.4.1',
55 silly cache add   scope: null,
55 silly cache add   escapedName: 'react-dom',
55 silly cache add   name: 'react-dom',
55 silly cache add   rawSpec: '^16.4.1',
55 silly cache add   spec: '>=16.4.1 <17.0.0',
55 silly cache add   type: 'range' }
56 silly addNamed react-dom@>=16.4.1 <17.0.0
57 verbose addNamed ">=16.4.1 <17.0.0" is a valid semver range for react-dom
58 silly addNameRange { name: 'react-dom', range: '>=16.4.1 <17.0.0', hasData: false }
59 silly mapToRegistry name react-dom
60 silly mapToRegistry using default registry
61 silly mapToRegistry registry http://registry.npmjs.org/
62 silly mapToRegistry data Result {
62 silly mapToRegistry   raw: 'react-dom',
62 silly mapToRegistry   scope: null,
62 silly mapToRegistry   escapedName: 'react-dom',
62 silly mapToRegistry   name: 'react-dom',
62 silly mapToRegistry   rawSpec: '',
62 silly mapToRegistry   spec: 'latest',
62 silly mapToRegistry   type: 'tag' }
63 silly mapToRegistry uri http://registry.npmjs.org/react-dom
64 verbose addNameRange registry:http://registry.npmjs.org/react-dom not in flight; fetching
65 verbose get http://registry.npmjs.org/superagent not expired, no request
66 silly fetchNamedPackageData No valid target from cache, forcing network
67 verbose request uri http://registry.npmjs.org/superagent
68 verbose request no auth needed
69 info attempt registry request try #1 at 10:16:25 PM
70 verbose request id c2aee7ffc86bd49d
71 http request GET http://registry.npmjs.org/superagent
72 verbose get http://registry.npmjs.org/react not expired, no request
73 silly addNameRange number 2 { name: 'react', range: '>=16.4.1 <17.0.0', hasData: true }
74 silly addNameRange versions [ 'react',
74 silly addNameRange   [ '0.0.1',
74 silly addNameRange     '0.0.2',
74 silly addNameRange     '0.0.3',
74 silly addNameRange     '0.1.2',
74 silly addNameRange     '0.2.0',
74 silly addNameRange     '0.2.1',
74 silly addNameRange     '0.2.2',
74 silly addNameRange     '0.2.3',
74 silly addNameRange     '0.2.4',
74 silly addNameRange     '0.2.5',
74 silly addNameRange     '0.2.6',
74 silly addNameRange     '0.3.0',
74 silly addNameRange     '0.3.4',
74 silly addNameRange     '0.3.5',
74 silly addNameRange     '0.5.0',
74 silly addNameRange     '0.5.1',
74 silly addNameRange     '0.5.2',
74 silly addNameRange     '0.6.0',
74 silly addNameRange     '0.6.1',
74 silly addNameRange     '0.6.2',
74 silly addNameRange     '0.6.3',
74 silly addNameRange     '0.7.0',
74 silly addNameRange     '0.7.1',
74 silly addNameRange     '0.8.0',
74 silly addNameRange     '0.9.0-rc1',
74 silly addNameRange     '0.9.0',
74 silly addNameRange     '0.10.0-rc1',
74 silly addNameRange     '0.10.0',
74 silly addNameRange     '0.11.0-rc1',
74 silly addNameRange     '0.11.0',
74 silly addNameRange     '0.11.1',
74 silly addNameRange     '0.11.2',
74 silly addNameRange     '0.12.0-rc1',
74 silly addNameRange     '0.12.0',
74 silly addNameRange     '0.12.1',
74 silly addNameRange     '0.12.2',
74 silly addNameRange     '0.13.0-alpha.1',
74 silly addNameRange     '0.13.0-alpha.2',
74 silly addNameRange     '0.13.0-beta.1',
74 silly addNameRange     '0.13.0-beta.2',
74 silly addNameRange     '0.13.0-rc1',
74 silly addNameRange     '0.13.0-rc2',
74 silly addNameRange     '0.13.0',
74 silly addNameRange     '0.13.1',
74 silly addNameRange     '0.13.2',
74 silly addNameRange     '0.13.3',
74 silly addNameRange     '0.14.0-alpha1',
74 silly addNameRange     '0.14.0-alpha2',
74 silly addNameRange     '0.14.0-alpha3',
74 silly addNameRange     '0.14.0-beta1',
74 silly addNameRange     '0.14.0-beta2',
74 silly addNameRange     '0.14.0-beta3',
74 silly addNameRange     '0.14.0-rc1',
74 silly addNameRange     '0.14.0',
74 silly addNameRange     '0.14.1',
74 silly addNameRange     '0.14.2',
74 silly addNameRange     '0.14.3',
74 silly addNameRange     '0.14.4',
74 silly addNameRange     '0.14.5',
74 silly addNameRange     '0.14.6',
74 silly addNameRange     '0.15.0-alpha.1',
74 silly addNameRange     '0.14.7',
74 silly addNameRange     '15.0.0-rc.1',
74 silly addNameRange     '15.0.0-rc.2',
74 silly addNameRange     '0.14.8',
74 silly addNameRange     '15.0.0',
74 silly addNameRange     '15.0.1',
74 silly addNameRange     '15.0.2-alpha.1',
74 silly addNameRange     '15.0.2-alpha.2',
74 silly addNameRange     '15.0.2-alpha.3',
74 silly addNameRange     '15.0.2-alpha.4',
74 silly addNameRange     '15.0.2',
74 silly addNameRange     '15.0.3-alpha.1',
74 silly addNameRange     '15.0.3-alpha.2',
74 silly addNameRange     '15.1.0-alpha.1',
74 silly addNameRange     '15.1.0',
74 silly addNameRange     '15.2.0-rc.1',
74 silly addNameRange     '15.2.0-rc.2',
74 silly addNameRange     '15.2.0',
74 silly addNameRange     '15.2.1',
74 silly addNameRange     '15.3.0-rc.1',
74 silly addNameRange     '15.3.0-rc.2',
74 silly addNameRange     '15.3.0-rc.3',
74 silly addNameRange     '15.3.0',
74 silly addNameRange     '15.3.1-rc.1',
74 silly addNameRange     '15.3.1-rc.2',
74 silly addNameRange     '15.3.1',
74 silly addNameRange     '15.3.2-rc.1',
74 silly addNameRange     '15.3.2',
74 silly addNameRange     '15.4.0-rc.1',
74 silly addNameRange     '15.4.0-rc.2',
74 silly addNameRange     '15.4.0-rc.3',
74 silly addNameRange     '15.4.0-rc.4',
74 silly addNameRange     '15.4.0',
74 silly addNameRange     '15.4.1',
74 silly addNameRange     '15.4.2',
74 silly addNameRange     '16.0.0-alpha',
74 silly addNameRange     '16.0.0-alpha.0',
74 silly addNameRange     '16.0.0-alpha.2',
74 silly addNameRange     '16.0.0-alpha.3',
74 silly addNameRange     ... 50 more items ] ]
75 silly addNamed react@16.4.1
76 verbose addNamed "16.4.1" is a plain semver version for react
77 verbose get http://registry.npmjs.org/react-dom not expired, no request
78 silly addNameRange number 2 { name: 'react-dom', range: '>=16.4.1 <17.0.0', hasData: true }
79 silly addNameRange versions [ 'react-dom',
79 silly addNameRange   [ '0.1.0',
79 silly addNameRange     '0.14.0-beta1',
79 silly addNameRange     '0.14.0-beta2',
79 silly addNameRange     '0.14.0-beta3',
79 silly addNameRange     '0.14.0-rc1',
79 silly addNameRange     '0.14.0',
79 silly addNameRange     '0.14.1',
79 silly addNameRange     '0.14.2',
79 silly addNameRange     '0.14.3',
79 silly addNameRange     '0.14.4',
79 silly addNameRange     '0.14.5',
79 silly addNameRange     '0.14.6',
79 silly addNameRange     '0.15.0-alpha.1',
79 silly addNameRange     '0.14.7',
79 silly addNameRange     '15.0.0-rc.1',
79 silly addNameRange     '15.0.0-rc.2',
79 silly addNameRange     '0.14.8',
79 silly addNameRange     '15.0.0',
79 silly addNameRange     '15.0.1',
79 silly addNameRange     '15.0.2-alpha.1',
79 silly addNameRange     '15.0.2-alpha.2',
79 silly addNameRange     '15.0.2-alpha.3',
79 silly addNameRange     '15.0.2-alpha.4',
79 silly addNameRange     '15.0.2',
79 silly addNameRange     '15.0.3-alpha.1',
79 silly addNameRange     '15.0.3-alpha.2',
79 silly addNameRange     '15.1.0-alpha.1',
79 silly addNameRange     '15.1.0',
79 silly addNameRange     '15.2.0-rc.1',
79 silly addNameRange     '15.2.0-rc.2',
79 silly addNameRange     '15.2.0',
79 silly addNameRange     '15.2.1',
79 silly addNameRange     '15.3.0-rc.1',
79 silly addNameRange     '15.3.0-rc.2',
79 silly addNameRange     '15.3.0-rc.3',
79 silly addNameRange     '15.3.0',
79 silly addNameRange     '15.3.1-rc.1',
79 silly addNameRange     '15.3.1-rc.2',
79 silly addNameRange     '15.3.1',
79 silly addNameRange     '15.3.2-rc.1',
79 silly addNameRange     '15.3.2',
79 silly addNameRange     '15.4.0-rc.1',
79 silly addNameRange     '15.4.0-rc.2',
79 silly addNameRange     '15.4.0-rc.3',
79 silly addNameRange     '15.4.0-rc.4',
79 silly addNameRange     '15.4.0',
79 silly addNameRange     '15.4.1',
79 silly addNameRange     '15.4.2',
79 silly addNameRange     '16.0.0-alpha',
79 silly addNameRange     '16.0.0-alpha.0',
79 silly addNameRange     '16.0.0-alpha.2',
79 silly addNameRange     '16.0.0-alpha.3',
79 silly addNameRange     '16.0.0-alpha.4',
79 silly addNameRange     '16.0.0-alpha.5',
79 silly addNameRange     '16.0.0-alpha.6',
79 silly addNameRange     '15.5.0-rc.1',
79 silly addNameRange     '16.0.0-alpha.7',
79 silly addNameRange     '15.5.0-rc.2',
79 silly addNameRange     '16.0.0-alpha.8',
79 silly addNameRange     '15.5.0',
79 silly addNameRange     '15.5.1',
79 silly addNameRange     '15.5.2',
79 silly addNameRange     '15.5.3',
79 silly addNameRange     '15.5.4',
79 silly addNameRange     '16.0.0-alpha.9',
79 silly addNameRange     '0.14.9',
79 silly addNameRange     '16.0.0-alpha.10',
79 silly addNameRange     '16.0.0-alpha.11',
79 silly addNameRange     '16.0.0-alpha.12',
79 silly addNameRange     '15.6.0-rc.1',
79 silly addNameRange     '16.0.0-alpha.13',
79 silly addNameRange     '15.6.0',
79 silly addNameRange     '15.6.1',
79 silly addNameRange     '16.0.0-beta.1',
79 silly addNameRange     '16.0.0-beta.2',
79 silly addNameRange     '16.0.0-beta.3',
79 silly addNameRange     '16.0.0-beta.4',
79 silly addNameRange     '16.0.0-beta.5',
79 silly addNameRange     '16.0.0-rc.1',
79 silly addNameRange     '16.0.0-rc.2',
79 silly addNameRange     '16.0.0-rc.3',
79 silly addNameRange     '15.6.2',
79 silly addNameRange     '16.0.0',
79 silly addNameRange     '16.1.0-beta',
79 silly addNameRange     '16.1.0-beta.1',
79 silly addNameRange     '16.1.0-rc',
79 silly addNameRange     '16.1.0',
79 silly addNameRange     '16.1.1',
79 silly addNameRange     '16.2.0',
79 silly addNameRange     '16.3.0-alpha.0',
79 silly addNameRange     '16.3.0-alpha.1',
79 silly addNameRange     '16.4.0-alpha.7926752',
79 silly addNameRange     '16.4.0-alpha.3174632',
79 silly addNameRange     '16.4.0-alpha.0911da3',
79 silly addNameRange     '16.3.0-alpha.2',
79 silly addNameRange     '16.3.0-alpha.3',
79 silly addNameRange     '16.3.0-rc.0',
79 silly addNameRange     '16.3.0',
79 silly addNameRange     '16.3.1',
79 silly addNameRange     '16.3.2',
79 silly addNameRange     ... 2 more items ] ]
80 silly addNamed react-dom@16.4.1
81 verbose addNamed "16.4.1" is a plain semver version for react-dom
82 silly cache afterAdd react@16.4.1
83 verbose afterAdd /home/ankit/.npm/react/16.4.1/package/package.json not in flight; writing
84 verbose correctMkdir /home/ankit/.npm correctMkdir not in flight; initializing
85 silly cache afterAdd react-dom@16.4.1
86 verbose afterAdd /home/ankit/.npm/react-dom/16.4.1/package/package.json not in flight; writing
87 verbose correctMkdir /home/ankit/.npm correctMkdir not in flight; initializing
88 verbose afterAdd /home/ankit/.npm/react-dom/16.4.1/package/package.json written
89 verbose afterAdd /home/ankit/.npm/react/16.4.1/package/package.json written
90 http 407 http://registry.npmjs.org/superagent
91 verbose bad json <HTML><HEAD>
91 verbose bad json
91 verbose bad json <TITLE>Access Denied</TITLE>
91 verbose bad json
91 verbose bad json </HEAD>
91 verbose bad json
91 verbose bad json <BODY>
91 verbose bad json
91 verbose bad json <FONT face="Helvetica">
91 verbose bad json
91 verbose bad json <big><strong></strong></big><BR>
91 verbose bad json
91 verbose bad json </FONT>
91 verbose bad json
91 verbose bad json <blockquote>
91 verbose bad json
91 verbose bad json <TABLE border=0 cellPadding=1 width="80%">
91 verbose bad json
91 verbose bad json <TR><TD>
91 verbose bad json
91 verbose bad json <FONT face="Helvetica">
91 verbose bad json
91 verbose bad json <big>Access Denied (authentication_failed)</big>
91 verbose bad json
91 verbose bad json <BR>
91 verbose bad json
91 verbose bad json <BR>
91 verbose bad json
91 verbose bad json </FONT>
91 verbose bad json
91 verbose bad json </TD></TR>
91 verbose bad json
91 verbose bad json <TR><TD>
91 verbose bad json
91 verbose bad json <FONT face="Helvetica">
91 verbose bad json
91 verbose bad json Your credentials could not be authenticated: "General authentication failure due to bad user ID or authentication token.". You will not be permitted access until your credentials can be verified.
91 verbose bad json
91 verbose bad json </FONT>
91 verbose bad json
91 verbose bad json </TD></TR>
91 verbose bad json
91 verbose bad json <TR><TD>
91 verbose bad json
91 verbose bad json <FONT face="Helvetica">
91 verbose bad json
91 verbose bad json This is typically caused by an incorrect username and/or password, but could also be caused by network problems.
91 verbose bad json
91 verbose bad json </FONT>
91 verbose bad json
91 verbose bad json </TD></TR>
91 verbose bad json
91 verbose bad json <TR><TD>
91 verbose bad json
91 verbose bad json <FONT face="Helvetica" SIZE=2>
91 verbose bad json
91 verbose bad json <BR>
91 verbose bad json
91 verbose bad json For assistance, contact your network support team.
91 verbose bad json
91 verbose bad json </FONT>
91 verbose bad json
91 verbose bad json </TD></TR>
91 verbose bad json
91 verbose bad json </TABLE>
91 verbose bad json
91 verbose bad json </blockquote>
91 verbose bad json
91 verbose bad json </FONT>
91 verbose bad json
91 verbose bad json </BODY></HTML>
92 error registry error parsing json
93 verbose headers { 'proxy-authenticate': 'NEGOTIATE, NTLM, BASIC realm="SSO_Direct"',
93 verbose headers   'cache-control': 'no-cache',
93 verbose headers   pragma: 'no-cache',
93 verbose headers   'content-type': 'text/html; charset=utf-8',
93 verbose headers   'proxy-connection': 'close',
93 verbose headers   'set-cookie': [ 'BCSI-CS-7c1d5f45c439b8f0=2; Path=/' ],
93 verbose headers   connection: 'close',
93 verbose headers   'content-length': '971' }
94 silly get cb [ 407,
94 silly get   { 'proxy-authenticate': 'NEGOTIATE, NTLM, BASIC realm="SSO_Direct"',
94 silly get     'cache-control': 'no-cache',
94 silly get     pragma: 'no-cache',
94 silly get     'content-type': 'text/html; charset=utf-8',
94 silly get     'proxy-connection': 'close',
94 silly get     'set-cookie': [ 'BCSI-CS-7c1d5f45c439b8f0=2; Path=/' ],
94 silly get     connection: 'close',
94 silly get     'content-length': '971' } ]
95 silly fetchPackageMetaData SyntaxError: Unexpected token < in JSON at position 0
95 silly fetchPackageMetaData <HTML><HEAD>
95 silly fetchPackageMetaData
95 silly fetchPackageMetaData <TITLE>Access Denied</TITLE>
95 silly fetchPackageMetaData
95 silly fetchPackageMetaData </HEAD>
95 silly fetchPackageMetaData
95 silly fetchPackageMetaData <BODY>
95 silly fetchPackageMetaData
95 silly fetchPackageMetaData <FONT face="Helvetica">
95 silly fetchPackageMetaData
95 silly fetchPackageMetaData <big><strong></strong></big><BR>
95 silly fetchPackageMetaData
95 silly fetchPackageMetaData </FONT>
95 silly fetchPackageMetaData
95 silly fetchPackageMetaData <blockquote>
95 silly fetchPackageMetaData
95 silly fetchPackageMetaData <TABLE border=0 cellPadding=1 width="80%">
95 silly fetchPackageMetaData
95 silly fetchPackageMetaData <TR><TD>
95 silly fetchPackageMetaData
95 silly fetchPackageMetaData <FONT face="Helvetica">
95 silly fetchPackageMetaData
95 silly fetchPackageMetaData <big>Access Denied (authentication_failed)</big>
95 silly fetchPackageMetaData
95 silly fetchPackageMetaData <BR>
95 silly fetchPackageMetaData
95 silly fetchPackageMetaData <BR>
95 silly fetchPackageMetaData
95 silly fetchPackageMetaData </FONT>
95 silly fetchPackageMetaData
95 silly fetchPackageMetaData </TD></TR>
95 silly fetchPackageMetaData
95 silly fetchPackageMetaData <TR><TD>
95 silly fetchPackageMetaData
95 silly fetchPackageMetaData <FONT face="Helvetica">
95 silly fetchPackageMetaData
95 silly fetchPackageMetaData Your credentials could not be authenticated: "General authentication failure due to bad user ID or authentication token.". You will not be permitted access until your credentials can be verified.
95 silly fetchPackageMetaData
95 silly fetchPackageMetaData </FONT>
95 silly fetchPackageMetaData
95 silly fetchPackageMetaData </TD></TR>
95 silly fetchPackageMetaData
95 silly fetchPackageMetaData <TR><TD>
95 silly fetchPackageMetaData
95 silly fetchPackageMetaData <FONT face="Helvetica">
95 silly fetchPackageMetaData
95 silly fetchPackageMetaData This is typically caused by an incorrect username and/or password, but could also be caused by network problems.
95 silly fetchPackageMetaData
95 silly fetchPackageMetaData </FONT>
95 silly fetchPackageMetaData
95 silly fetchPackageMetaData </TD></TR>
95 silly fetchPackageMetaData
95 silly fetchPackageMetaData <TR><TD>
95 silly fetchPackageMetaData
95 silly fetchPackageMetaData <FONT face="Helvetica" SIZE=2>
95 silly fetchPackageMetaData
95 silly fetchPackageMetaData <BR>
95 silly fetchPackageMetaData
95 silly fetchPackageMetaData For assistance, contact your network support team.
95 silly fetchPackageMetaData
95 silly fetchPackageMetaData </FONT>
95 silly fetchPackageMetaData
95 silly fetchPackageMetaData </TD></TR>
95 silly fetchPackageMetaData
95 silly fetchPackageMetaData </TABLE>
95 silly fetchPackageMetaData
95 silly fetchPackageMetaData </blockquote>
95 silly fetchPackageMetaData
95 silly fetchPackageMetaData </FONT>
95 silly fetchPackageMetaData
95 silly fetchPackageMetaData </BODY></HTML>
95 silly fetchPackageMetaData
95 silly fetchPackageMetaData
95 silly fetchPackageMetaData     at Object.parse (native)
95 silly fetchPackageMetaData     at CachingRegistryClient.<anonymous> (/usr/lib/node_modules/npm/node_modules/npm-registry-client/lib/request.js:237:23)
95 silly fetchPackageMetaData     at Request._callback (/usr/lib/node_modules/npm/node_modules/npm-registry-client/lib/request.js:210:14)
95 silly fetchPackageMetaData     at Request.self.callback (/usr/lib/node_modules/npm/node_modules/request/request.js:187:22)
95 silly fetchPackageMetaData     at emitTwo (events.js:106:13)
95 silly fetchPackageMetaData     at Request.emit (events.js:191:7)
95 silly fetchPackageMetaData     at Request.<anonymous> (/usr/lib/node_modules/npm/node_modules/request/request.js:1048:10)
95 silly fetchPackageMetaData     at emitOne (events.js:96:13)
95 silly fetchPackageMetaData     at Request.emit (events.js:188:7)
95 silly fetchPackageMetaData     at IncomingMessage.<anonymous> (/usr/lib/node_modules/npm/node_modules/request/request.js:969:12)
95 silly fetchPackageMetaData  error for superagent@^3.8.3 SyntaxError: Unexpected token < in JSON at position 0
95 silly fetchPackageMetaData <HTML><HEAD>
95 silly fetchPackageMetaData
95 silly fetchPackageMetaData <TITLE>Access Denied</TITLE>
95 silly fetchPackageMetaData
95 silly fetchPackageMetaData </HEAD>
95 silly fetchPackageMetaData
95 silly fetchPackageMetaData <BODY>
95 silly fetchPackageMetaData
95 silly fetchPackageMetaData <FONT face="Helvetica">
95 silly fetchPackageMetaData
95 silly fetchPackageMetaData <big><strong></strong></big><BR>
95 silly fetchPackageMetaData
95 silly fetchPackageMetaData </FONT>
95 silly fetchPackageMetaData
95 silly fetchPackageMetaData <blockquote>
95 silly fetchPackageMetaData
95 silly fetchPackageMetaData <TABLE border=0 cellPadding=1 width="80%">
95 silly fetchPackageMetaData
95 silly fetchPackageMetaData <TR><TD>
95 silly fetchPackageMetaData
95 silly fetchPackageMetaData <FONT face="Helvetica">
95 silly fetchPackageMetaData
95 silly fetchPackageMetaData <big>Access Denied (authentication_failed)</big>
95 silly fetchPackageMetaData
95 silly fetchPackageMetaData <BR>
95 silly fetchPackageMetaData
95 silly fetchPackageMetaData <BR>
95 silly fetchPackageMetaData
95 silly fetchPackageMetaData </FONT>
95 silly fetchPackageMetaData
95 silly fetchPackageMetaData </TD></TR>
95 silly fetchPackageMetaData
95 silly fetchPackageMetaData <TR><TD>
95 silly fetchPackageMetaData
95 silly fetchPackageMetaData <FONT face="Helvetica">
95 silly fetchPackageMetaData
95 silly fetchPackageMetaData Your credentials could not be authenticated: "General authentication failure due to bad user ID or authentication token.". You will not be permitted access until your credentials can be verified.
95 silly fetchPackageMetaData
95 silly fetchPackageMetaData </FONT>
95 silly fetchPackageMetaData
95 silly fetchPackageMetaData </TD></TR>
95 silly fetchPackageMetaData
95 silly fetchPackageMetaData <TR><TD>
95 silly fetchPackageMetaData
95 silly fetchPackageMetaData <FONT face="Helvetica">
95 silly fetchPackageMetaData
95 silly fetchPackageMetaData This is typically caused by an incorrect username and/or password, but could also be caused by network problems.
95 silly fetchPackageMetaData
95 silly fetchPackageMetaData </FONT>
95 silly fetchPackageMetaData
95 silly fetchPackageMetaData </TD></TR>
95 silly fetchPackageMetaData
95 silly fetchPackageMetaData <TR><TD>
95 silly fetchPackageMetaData
95 silly fetchPackageMetaData <FONT face="Helvetica" SIZE=2>
95 silly fetchPackageMetaData
95 silly fetchPackageMetaData <BR>
95 silly fetchPackageMetaData
95 silly fetchPackageMetaData For assistance, contact your network support team.
95 silly fetchPackageMetaData
95 silly fetchPackageMetaData </FONT>
95 silly fetchPackageMetaData
95 silly fetchPackageMetaData </TD></TR>
95 silly fetchPackageMetaData
95 silly fetchPackageMetaData </TABLE>
95 silly fetchPackageMetaData
95 silly fetchPackageMetaData </blockquote>
95 silly fetchPackageMetaData
95 silly fetchPackageMetaData </FONT>
95 silly fetchPackageMetaData
95 silly fetchPackageMetaData </BODY></HTML>
95 silly fetchPackageMetaData
95 silly fetchPackageMetaData
95 silly fetchPackageMetaData     at Object.parse (native)
95 silly fetchPackageMetaData     at CachingRegistryClient.<anonymous> (/usr/lib/node_modules/npm/node_modules/npm-registry-client/lib/request.js:237:23)
95 silly fetchPackageMetaData     at Request._callback (/usr/lib/node_modules/npm/node_modules/npm-registry-client/lib/request.js:210:14)
95 silly fetchPackageMetaData     at Request.self.callback (/usr/lib/node_modules/npm/node_modules/request/request.js:187:22)
95 silly fetchPackageMetaData     at emitTwo (events.js:106:13)
95 silly fetchPackageMetaData     at Request.emit (events.js:191:7)
95 silly fetchPackageMetaData     at Request.<anonymous> (/usr/lib/node_modules/npm/node_modules/request/request.js:1048:10)
95 silly fetchPackageMetaData     at emitOne (events.js:96:13)
95 silly fetchPackageMetaData     at Request.emit (events.js:188:7)
95 silly fetchPackageMetaData     at IncomingMessage.<anonymous> (/usr/lib/node_modules/npm/node_modules/request/request.js:969:12)
96 silly rollbackFailedOptional Starting
97 silly rollbackFailedOptional Finishing
98 silly runTopLevelLifecycles Finishing
99 silly install printInstalled
100 verbose stack SyntaxError: Unexpected token < in JSON at position 0
100 verbose stack <HTML><HEAD>
100 verbose stack
100 verbose stack <TITLE>Access Denied</TITLE>
100 verbose stack
100 verbose stack </HEAD>
100 verbose stack
100 verbose stack <BODY>
100 verbose stack
100 verbose stack <FONT face="Helvetica">
100 verbose stack
100 verbose stack <big><strong></strong></big><BR>
100 verbose stack
100 verbose stack </FONT>
100 verbose stack
100 verbose stack <blockquote>
100 verbose stack
100 verbose stack <TABLE border=0 cellPadding=1 width="80%">
100 verbose stack
100 verbose stack <TR><TD>
100 verbose stack
100 verbose stack <FONT face="Helvetica">
100 verbose stack
100 verbose stack <big>Access Denied (authentication_failed)</big>
100 verbose stack
100 verbose stack <BR>
100 verbose stack
100 verbose stack <BR>
100 verbose stack
100 verbose stack </FONT>
100 verbose stack
100 verbose stack </TD></TR>
100 verbose stack
100 verbose stack <TR><TD>
100 verbose stack
100 verbose stack <FONT face="Helvetica">
100 verbose stack
100 verbose stack Your credentials could not be authenticated: "General authentication failure due to bad user ID or authentication token.". You will not be permitted access until your credentials can be verified.
100 verbose stack
100 verbose stack </FONT>
100 verbose stack
100 verbose stack </TD></TR>
100 verbose stack
100 verbose stack <TR><TD>
100 verbose stack
100 verbose stack <FONT face="Helvetica">
100 verbose stack
100 verbose stack This is typically caused by an incorrect username and/or password, but could also be caused by network problems.
100 verbose stack
100 verbose stack </FONT>
100 verbose stack
100 verbose stack </TD></TR>
100 verbose stack
100 verbose stack <TR><TD>
100 verbose stack
100 verbose stack <FONT face="Helvetica" SIZE=2>
100 verbose stack
100 verbose stack <BR>
100 verbose stack
100 verbose stack For assistance, contact your network support team.
100 verbose stack
100 verbose stack </FONT>
100 verbose stack
100 verbose stack </TD></TR>
100 verbose stack
100 verbose stack </TABLE>
100 verbose stack
100 verbose stack </blockquote>
100 verbose stack
100 verbose stack </FONT>
100 verbose stack
100 verbose stack </BODY></HTML>
100 verbose stack
100 verbose stack
100 verbose stack     at Object.parse (native)
100 verbose stack     at CachingRegistryClient.<anonymous> (/usr/lib/node_modules/npm/node_modules/npm-registry-client/lib/request.js:237:23)
100 verbose stack     at Request._callback (/usr/lib/node_modules/npm/node_modules/npm-registry-client/lib/request.js:210:14)
100 verbose stack     at Request.self.callback (/usr/lib/node_modules/npm/node_modules/request/request.js:187:22)
100 verbose stack     at emitTwo (events.js:106:13)
100 verbose stack     at Request.emit (events.js:191:7)
100 verbose stack     at Request.<anonymous> (/usr/lib/node_modules/npm/node_modules/request/request.js:1048:10)
100 verbose stack     at emitOne (events.js:96:13)
100 verbose stack     at Request.emit (events.js:188:7)
100 verbose stack     at IncomingMessage.<anonymous> (/usr/lib/node_modules/npm/node_modules/request/request.js:969:12)
101 verbose cwd /media/sf_ubuntu_workspace/srijan_assignment1/react_assignment/React_Assignment
102 error Linux 4.10.0-33-generic
103 error argv "/usr/bin/node" "/usr/bin/npm" "install"
104 error node v6.14.3
105 error npm  v3.10.10
106 error Unexpected token < in JSON at position 0
106 error <HTML><HEAD>
106 error
106 error <TITLE>Access Denied</TITLE>
106 error
106 error </HEAD>
106 error
106 error <BODY>
106 error
106 error <FONT face="Helvetica">
106 error
106 error <big><strong></strong></big><BR>
106 error
106 error </FONT>
106 error
106 error <blockquote>
106 error
106 error <TABLE border=0 cellPadding=1 width="80%">
106 error
106 error <TR><TD>
106 error
106 error <FONT face="Helvetica">
106 error
106 error <big>Access Denied (authentication_failed)</big>
106 error
106 error <BR>
106 error
106 error <BR>
106 error
106 error </FONT>
106 error
106 error </TD></TR>
106 error
106 error <TR><TD>
106 error
106 error <FONT face="Helvetica">
106 error
106 error Your credentials could not be authenticated: "General authentication failure due to bad user ID or authentication token.". You will not be permitted access until your credentials can be verified.
106 error
106 error </FONT>
106 error
106 error </TD></TR>
106 error
106 error <TR><TD>
106 error
106 error <FONT face="Helvetica">
106 error
106 error This is typically caused by an incorrect username and/or password, but could also be caused by network problems.
106 error
106 error </FONT>
106 error
106 error </TD></TR>
106 error
106 error <TR><TD>
106 error
106 error <FONT face="Helvetica" SIZE=2>
106 error
106 error <BR>
106 error
106 error For assistance, contact your network support team.
106 error
106 error </FONT>
106 error
106 error </TD></TR>
106 error
106 error </TABLE>
106 error
106 error </blockquote>
106 error
106 error </FONT>
106 error
106 error </BODY></HTML>
107 error If you need help, you may report this error at:
107 error     <https://github.com/npm/npm/issues>
108 verbose exit [ 1, true ]
